<?xml version="1.0" encoding="UTF-8"?>
<testsuite xmlns:xsi="http://www.w3.org/2001/XMLSchema-instance" xsi:noNamespaceSchemaLocation="https://maven.apache.org/surefire/maven-surefire-plugin/xsd/surefire-test-report-3.0.xsd" version="3.0" name="sgu.beo.DAO.CategoryDAOTest" time="0.128" tests="5" errors="0" skipped="0" failures="0">
  <properties>
[...]
</properties>
  <testcase name="testFindAll" classname="sgu.beo.DAO.CategoryDAOTest" time="0.031"/>
  <testcase name="testFindByName" classname="sgu.beo.DAO.CategoryDAOTest" time="0.032">
    <system-out><![CDATA[Category(id=1, name=Updated Category, is_deleted=false, description=Updated description, products=null)
]]></system-out>
  </testcase>
  <testcase name="testFindById" classname="sgu.beo.DAO.CategoryDAOTest" time="0.018"/>
  <testcase name="testInsert" classname="sgu.beo.DAO.CategoryDAOTest" time="0.021"/>
  <testcase name="testUpdate" classname="sgu.beo.DAO.CategoryDAOTest" time="0.016"/>
</testsuite>